<?xml version="1.0" encoding="UTF-8" ?>
<testsuite tests="14" failures="0" name="Runner" time="8.887" errors="0" skipped="0">
  <properties>
[...]
</properties>
  <testcase classname="validar cadastro com sucesso no site Register" name="que eu acesso o site Register" time="5.162"/>
  <testcase classname="validar cadastro com sucesso no site Register" name="preencho o campo nome com o valor &quot;Eduardo&quot;" time="0.352"/>
  <testcase classname="validar cadastro com sucesso no site Register" name="preencho o campo sobrenome com o valor &quot;Santos&quot;" time="0.116"/>
  <testcase classname="validar cadastro com sucesso no site Register" name="preencho o campo endereco com o valor &quot;Rua Aurelia de Sousa&quot;" time="0.288"/>
  <testcase classname="validar cadastro com sucesso no site Register" name="preencho o campo email com o valor &quot;eduardo_cns@hotmail.com&quot;" time="0.19"/>
  <testcase classname="validar cadastro com sucesso no site Register" name="preencho o campo telefone com o valor &quot;951218175&quot;" time="0.117"/>
  <testcase classname="validar cadastro com sucesso no site Register" name="clico no genero masculino" time="0.214"/>
  <testcase classname="validar cadastro com sucesso no site Register" name="escolho o Hobbie Movies" time="0.072"/>
  <testcase classname="validar cadastro com sucesso no site Register" name="seleciono a Skill &quot;Javascript&quot;" time="0.172"/>
  <testcase classname="validar cadastro com sucesso no site Register" name="escolho o country" time="0.267"/>
  <testcase classname="validar cadastro com sucesso no site Register" name="seleciono o ano de &quot;1984&quot;, o mes &quot;December&quot;, e o dia &quot;29&quot;" time="0.379"/>
  <testcase classname="validar cadastro com sucesso no site Register" name="preencho a senha &quot;1234&quot;" time="0.119"/>
  <testcase classname="validar cadastro com sucesso no site Register" name="confirmo a senha &quot;1234&quot;" time="0.11"/>
  <testcase classname="validar cadastro com sucesso no site Register" name="validar cadastro com sucesso no site Register" time="1.329"/>
</testsuite>